<?xml version="1.0" encoding="UTF-8"?>
<!-- Generated by org.testng.reporters.JUnitReportReporter -->
<testsuite hostname="DESKTOP-S7KHIBK" failures="0" tests="1" name="testNG.Registrastion" time="5.055" errors="0" timestamp="2023-02-08T10:12:12 IST" skipped="0">
  <testcase classname="testNG.Registrastion" name="verifyRegistration" time="5.055"/>
  <system-out/>
</testsuite> <!-- testNG.Registrastion -->
